[debug] [2022-02-13T23:52:03.245Z] ----------------------------------------------------------------------
[debug] [2022-02-13T23:52:03.249Z] Command:       /home/mazaya/.nvm/versions/node/v14.17.0/bin/node /home/mazaya/.nvm/versions/node/v14.17.0/bin/firebase deploy
[debug] [2022-02-13T23:52:03.249Z] CLI Version:   10.2.0
[debug] [2022-02-13T23:52:03.250Z] Platform:      linux
[debug] [2022-02-13T23:52:03.250Z] Node Version:  v14.17.0
[debug] [2022-02-13T23:52:03.250Z] Time:          Mon Feb 14 2022 06:52:03 GMT+0700 (Indochina Time)
[debug] [2022-02-13T23:52:03.251Z] ----------------------------------------------------------------------
[debug] 
[debug] [2022-02-13T23:52:03.367Z] > command requires scopes: ["email","openid","https://www.googleapis.com/auth/cloudplatformprojects.readonly","https://www.googleapis.com/auth/firebase","https://www.googleapis.com/auth/cloud-platform"]
[debug] [2022-02-13T23:52:03.368Z] > authorizing via signed-in user (we.come.itb@gmail.com)
[debug] [2022-02-13T23:52:03.368Z] [iam] checking project we-come-dev for permissions ["firebase.projects.get","firebasehosting.sites.update"]
[debug] [2022-02-13T23:52:03.372Z] >>> [apiv2][query] POST https://cloudresourcemanager.googleapis.com/v1/projects/we-come-dev:testIamPermissions [none]
[debug] [2022-02-13T23:52:03.372Z] >>> [apiv2][body] POST https://cloudresourcemanager.googleapis.com/v1/projects/we-come-dev:testIamPermissions {"permissions":["firebase.projects.get","firebasehosting.sites.update"]}
[debug] [2022-02-13T23:54:16.988Z] [iam] error while checking permissions, command may fail: FirebaseError: Failed to make request to https://cloudresourcemanager.googleapis.com/v1/projects/we-come-dev:testIamPermissions
[debug] [2022-02-13T23:54:16.990Z] >>> [apiv2][query] GET https://firebase.googleapis.com/v1beta1/projects/we-come-dev [none]
[debug] [2022-02-13T23:54:17.572Z] <<< [apiv2][status] GET https://firebase.googleapis.com/v1beta1/projects/we-come-dev 200
[debug] [2022-02-13T23:54:17.573Z] <<< [apiv2][body] GET https://firebase.googleapis.com/v1beta1/projects/we-come-dev {"projectId":"we-come-dev","projectNumber":"368432175653","displayName":"we-come-dev","name":"projects/we-come-dev","resources":{"hostingSite":"we-come-dev"},"state":"ACTIVE"}
[info] 
[info] === Deploying to 'we-come-dev'...
[info] 
[info] i  deploying hosting 
[debug] [2022-02-13T23:54:17.580Z] > refreshing access token with scopes: ["email","https://www.googleapis.com/auth/cloud-platform","https://www.googleapis.com/auth/cloudplatformprojects.readonly","https://www.googleapis.com/auth/firebase","openid"]
[debug] [2022-02-13T23:54:17.580Z] >>> HTTP REQUEST POST https://www.googleapis.com/oauth2/v3/token  
 <request body omitted>
[debug] [2022-02-13T23:54:17.682Z] <<< HTTP RESPONSE 200 {"cache-control":"no-cache, no-store, max-age=0, must-revalidate","pragma":"no-cache","date":"Sun, 13 Feb 2022 23:54:19 GMT","expires":"Mon, 01 Jan 1990 00:00:00 GMT","content-type":"application/json; charset=utf-8","vary":"X-Origin, Referer, Origin,Accept-Encoding","server":"scaffolding on HTTPServer2","x-xss-protection":"0","x-frame-options":"SAMEORIGIN","x-content-type-options":"nosniff","alt-svc":"h3=\":443\"; ma=2592000,h3-29=\":443\"; ma=2592000,h3-Q050=\":443\"; ma=2592000,h3-Q046=\":443\"; ma=2592000,h3-Q043=\":443\"; ma=2592000,quic=\":443\"; ma=2592000; v=\"46,43\"","accept-ranges":"none","transfer-encoding":"chunked"}
[debug] [2022-02-13T23:54:17.702Z] >>> HTTP REQUEST POST https://firebasehosting.googleapis.com/v1beta1/sites/we-come-dev/versions  
 {"config":{"rewrites":[{"glob":"**","path":"/index.html"}]},"labels":{"deployment-tool":"cli-firebase"}}
[debug] [2022-02-13T23:56:30.188Z] Error: connect ETIMEDOUT 216.239.32.10:443
    at TCPConnectWrap.afterConnect [as oncomplete] (net.js:1146:16)
[error] 
[error] Error: Server Error. connect ETIMEDOUT 216.239.32.10:443
